
> geo-crm@0.1.0 build
> next build

Attention: Next.js now collects completely anonymous telemetry regarding usage.
This information is used to shape Next.js' roadmap and prioritize features.
You can learn more, including how to opt-out if you'd not like to participate in this anonymous program, by visiting the following URL:
https://nextjs.org/telemetry

▲ Next.js 16.2.1 (Turbopack)
- Environments: .env.local

⚠ The "middleware" file convention is deprecated. Please use "proxy" instead. Learn more: https://nextjs.org/docs/messages/middleware-to-proxy
  Creating an optimized production build ...

> Build error occurred
Error: Turbopack build failed with 1 errors:
./src/app/(dashboard)/page.tsx:4:20
`ssr: false` is not allowed with `next/dynamic` in Server Components. Please move it into a Client Component.
  [90m 2 |[0m [36mimport[0m styles [36mfrom[0m [32m'./page.module.css'[0m
  [90m 3 |[0m
[31m[1m>[0m [90m 4 |[0m [36mconst[0m [33mMapboxView[0m = dynamic(() => [36mimport[0m([32m'@/components/map/MapboxView'[0m), {
  [90m   |[0m                    [31m[1m^^^^^^^^^^^^^^^^^^^^^^^^^^^^^^^^^^^^^^^^^^^^^^^^^^^^^[0m
[31m[1m>[0m [90m 5 |[0m   ssr: [36mfalse[0m,
  [90m   |[0m [31m[1m^^^^^^^^^^^^^[0m
[31m[1m>[0m [90m 6 |[0m   loading: () => <div style={{ height: [32m'100%'[0m, display: [32m'flex'[0m, alignItems: [32m'center'[0m, just...
  [90m   |[0m [31m[1m^^^^^^^^^^^^^^^^^^^^^^^^^^^^^^^^^^^^^^^^^^^^^^^^^^^^^^^^^^^^^^^^^^^^^^^^^^^^^^^^^^^^^^^^^^^^^[0m
[31m[1m>[0m [90m 7 |[0m })
  [90m   |[0m [31m[1m^^[0m
  [90m 8 |[0m
  [90m 9 |[0m [36mexport[0m [36mdefault[0m [36mfunction[0m [33mMapPage[0m() {
  [90m10 |[0m   [36mreturn[0m (

Ecmascript file had an error


    at <unknown> (./src/app/(dashboard)/page.tsx:4:20)
